<?xml version="1.0" encoding="UTF-8"?>
<testng-results ignored="0" total="1" passed="1" failed="0" skipped="0">
  <reporter-output>
  </reporter-output>
  <suite started-at="2025-06-17T10:01:22 IST" name="Default suite" finished-at="2025-06-17T10:01:26 IST" duration-ms="3918">
    <groups>
    </groups>
    <test started-at="2025-06-17T10:01:22 IST" name="Default test" finished-at="2025-06-17T10:01:26 IST" duration-ms="3918">
      <class name="com.dreamportal.DreamsTotal">
        <test-method is-config="true" signature="launchingTheBrowser()[pri:0, instance:com.dreamportal.DreamsTotal@36ebc363]" started-at="2025-06-17T10:01:22 IST" name="launchingTheBrowser" finished-at="2025-06-17T10:01:25 IST" duration-ms="2865" status="PASS">
          <reporter-output>
          </reporter-output>
        </test-method> <!-- launchingTheBrowser -->
        <test-method signature="verifyGoodDreams()[pri:1, instance:com.dreamportal.DreamsTotal@36ebc363]" started-at="2025-06-17T10:01:25 IST" name="verifyGoodDreams" finished-at="2025-06-17T10:01:26 IST" duration-ms="856" status="PASS">
          <reporter-output>
          </reporter-output>
        </test-method> <!-- verifyGoodDreams -->
        <test-method is-config="true" signature="quitBrowser()[pri:0, instance:com.dreamportal.DreamsTotal@36ebc363]" started-at="2025-06-17T10:01:26 IST" name="quitBrowser" finished-at="2025-06-17T10:01:26 IST" duration-ms="167" status="PASS">
          <reporter-output>
          </reporter-output>
        </test-method> <!-- quitBrowser -->
      </class> <!-- com.dreamportal.DreamsTotal -->
    </test> <!-- Default test -->
  </suite> <!-- Default suite -->
</testng-results>
