<?xml version="1.0" encoding="UTF-8"?>
<testng-results ignored="0" total="2" passed="2" failed="0" skipped="0">
  <reporter-output>
  </reporter-output>
  <suite started-at="2025-06-16T12:25:58 IST" name="Default suite" finished-at="2025-06-16T12:26:08 IST" duration-ms="10060">
    <groups>
    </groups>
    <test started-at="2025-06-16T12:25:58 IST" name="Default test" finished-at="2025-06-16T12:26:08 IST" duration-ms="10060">
      <class name="com.dreamportal.DreamPortalHome">
        <test-method is-config="true" signature="launchingTheBrowser()[pri:0, instance:com.dreamportal.DreamPortalHome@45752059]" started-at="2025-06-16T12:25:58 IST" name="launchingTheBrowser" finished-at="2025-06-16T12:26:02 IST" duration-ms="4064" status="PASS">
          <reporter-output>
          </reporter-output>
        </test-method> <!-- launchingTheBrowser -->
        <test-method signature="verifyingTheDreamPortalHomePage()[pri:1, instance:com.dreamportal.DreamPortalHome@45752059]" started-at="2025-06-16T12:26:02 IST" name="verifyingTheDreamPortalHomePage" finished-at="2025-06-16T12:26:06 IST" duration-ms="4061" status="PASS">
          <reporter-output>
          </reporter-output>
        </test-method> <!-- verifyingTheDreamPortalHomePage -->
        <test-method signature="verifyingTheButtonMyDreams()[pri:2, instance:com.dreamportal.DreamPortalHome@45752059]" started-at="2025-06-16T12:26:06 IST" name="verifyingTheButtonMyDreams" finished-at="2025-06-16T12:26:07 IST" duration-ms="1694" status="PASS">
          <reporter-output>
          </reporter-output>
        </test-method> <!-- verifyingTheButtonMyDreams -->
        <test-method is-config="true" signature="closeTheBrowser()[pri:0, instance:com.dreamportal.DreamPortalHome@45752059]" started-at="2025-06-16T12:26:08 IST" name="closeTheBrowser" finished-at="2025-06-16T12:26:08 IST" duration-ms="198" status="PASS">
          <reporter-output>
          </reporter-output>
        </test-method> <!-- closeTheBrowser -->
      </class> <!-- com.dreamportal.DreamPortalHome -->
    </test> <!-- Default test -->
  </suite> <!-- Default suite -->
</testng-results>
